<?xml version="1.0" encoding="UTF-8"?>
<!-- Generated by org.testng.reporters.JUnitReportReporter -->
<testsuite hostname="KARTIK-SHARMA" failures="0" tests="4" name="Assignments.TestNG_with_xmlFile" time="3.169" errors="0" timestamp="2024-12-13T16:35:01 IST" skipped="0">
  <testcase classname="Assignments.TestNG_with_xmlFile" name="openUrl" time="2.792"/>
  <system-out/>
  <testcase classname="Assignments.TestNG_with_xmlFile" name="radio" time="0.203"/>
  <system-out/>
  <testcase classname="Assignments.TestNG_with_xmlFile" name="checkbox" time="0.112"/>
  <system-out/>
  <testcase classname="Assignments.TestNG_with_xmlFile" name="textCountry" time="0.062"/>
  <system-out/>
</testsuite> <!-- Assignments.TestNG_with_xmlFile -->
