<?xml version="1.0" encoding="UTF-8"?>
<!-- Generated by org.testng.reporters.JUnitReportReporter -->
<testsuite hostname="KARTIK-SHARMA" failures="0" tests="3" name="Test_NG.Annotations" time="0.015" errors="0" timestamp="2024-12-11T23:54:25 IST" skipped="0">
  <testcase classname="Test_NG.Annotations" name="openApp" time="0.012"/>
  <system-out/>
  <testcase classname="Test_NG.Annotations" name="verifyLogo" time="0.002"/>
  <system-out/>
  <testcase classname="Test_NG.Annotations" name="Logout" time="0.001"/>
  <system-out/>
</testsuite> <!-- Test_NG.Annotations -->
