<?xml version="1.0" encoding="UTF-8"?>
<!-- Generated by org.testng.reporters.JUnitReportReporter -->
<testsuite hostname="KARTIK-SHARMA" failures="0" tests="2" name="Test_NG.Suitstest" time="0.002" errors="0" timestamp="2024-12-11T23:54:25 IST" skipped="0">
  <testcase classname="Test_NG.Suitstest" name="Logout" time="0.001"/>
  <system-out/>
  <testcase classname="Test_NG.Suitstest" name="browserweb" time="0.001"/>
  <system-out/>
</testsuite> <!-- Test_NG.Suitstest -->
