<?xml version="1.0" encoding="UTF-8"?>
<!-- Generated by org.testng.reporters.JUnitReportReporter -->
<testsuite hostname="KARTIK-SHARMA" failures="0" tests="3" name="TestNG.TestMethods" time="24.744" errors="0" timestamp="2024-12-12T23:32:41 IST" skipped="0">
  <testcase classname="TestNG.TestMethods" name="dashboard" time="9.048"/>
  <system-out/>
  <testcase classname="TestNG.TestMethods" name="verifyLogo" time="6.548"/>
  <system-out/>
  <testcase classname="TestNG.TestMethods" name="verifyURL" time="9.148"/>
  <system-out/>
</testsuite> <!-- TestNG.TestMethods -->
