<?xml version="1.0" encoding="UTF-8"?>
<!-- Generated by org.testng.reporters.JUnitReportReporter -->
<testsuite hostname="KARTIK-SHARMA" failures="0" tests="3" name="Assignments.TestNg_radio_checkbox" time="2.316" errors="0" timestamp="2024-12-13T16:35:01 IST" skipped="0">
  <testcase classname="Assignments.TestNg_radio_checkbox" name="openUrl" time="2.022"/>
  <system-out/>
  <testcase classname="Assignments.TestNg_radio_checkbox" name="radio" time="0.196"/>
  <system-out/>
  <testcase classname="Assignments.TestNg_radio_checkbox" name="checkbox" time="0.098"/>
  <system-out/>
</testsuite> <!-- Assignments.TestNg_radio_checkbox -->
