<?xml version="1.0" encoding="UTF-8"?>
<!-- Generated by org.testng.reporters.JUnitReportReporter -->
<testsuite hostname="KARTIK-SHARMA" failures="0" tests="3" name="TestNG.ParallelTest" time="14.044" errors="0" timestamp="2024-12-13T12:07:27 IST" skipped="0">
  <testcase classname="TestNG.ParallelTest" name="openUrl" time="9.639"/>
  <system-out/>
  <testcase classname="TestNG.ParallelTest" name="login" time="3.467"/>
  <system-out/>
  <testcase classname="TestNG.ParallelTest" name="logout" time="0.938"/>
  <system-out/>
</testsuite> <!-- TestNG.ParallelTest -->
