<?xml version="1.0" encoding="UTF-8"?>
<!-- Generated by org.testng.reporters.JUnitReportReporter -->
<testsuite hostname="KARTIK-SHARMA" failures="0" tests="1" name="Test_NG.SoftAssert_test" time="0.014" errors="0" timestamp="2024-12-12T00:17:51 IST" skipped="0">
  <testcase classname="Test_NG.SoftAssert_test" name="testCase1" time="0.014"/>
  <system-out/>
</testsuite> <!-- Test_NG.SoftAssert_test -->
